E:\BIYESHEJI\CONSOLEAPPLICATION1\CONSOLEAPPLICATION1\DEBUG\CARTOON.OBJ
E:\BIYESHEJI\CONSOLEAPPLICATION1\CONSOLEAPPLICATION1\DEBUG\CARTOONS.OBJ
E:\BIYESHEJI\CONSOLEAPPLICATION1\CONSOLEAPPLICATION1\DEBUG\IMAGEUTILS_0.7.OBJ
E:\BIYESHEJI\CONSOLEAPPLICATION1\CONSOLEAPPLICATION1\DEBUG\MAIN.OBJ
E:\BIYESHEJI\CONSOLEAPPLICATION1\CONSOLEAPPLICATION1\DEBUG\MAIN_DESKTOP.OBJ
E:\BIYESHEJI\CONSOLEAPPLICATION1\CONSOLEAPPLICATION1\DEBUG\VC110.PDB
E:\BIYESHEJI\CONSOLEAPPLICATION1\DEBUG\CONSOLEAPPLICATION1.ILK
E:\BIYESHEJI\CONSOLEAPPLICATION1\DEBUG\CONSOLEAPPLICATION1.EXE
E:\BIYESHEJI\CONSOLEAPPLICATION1\DEBUG\CONSOLEAPPLICATION1.PDB
E:\biyesheji\ConsoleApplication1\ConsoleApplication1\Debug\cartoon.obj
E:\biyesheji\ConsoleApplication1\ConsoleApplication1\Debug\cartoons.obj
E:\biyesheji\ConsoleApplication1\ConsoleApplication1\Debug\ImageUtils_0.7.obj
E:\biyesheji\ConsoleApplication1\ConsoleApplication1\Debug\main.obj
E:\biyesheji\ConsoleApplication1\ConsoleApplication1\Debug\main_desktop.obj
E:\biyesheji\ConsoleApplication1\ConsoleApplication1\Debug\cl.command.1.tlog
E:\biyesheji\ConsoleApplication1\ConsoleApplication1\Debug\CL.read.1.tlog
E:\biyesheji\ConsoleApplication1\ConsoleApplication1\Debug\CL.write.1.tlog
E:\biyesheji\ConsoleApplication1\ConsoleApplication1\Debug\link-cvtres.read.1.tlog
E:\biyesheji\ConsoleApplication1\ConsoleApplication1\Debug\link-cvtres.write.1.tlog
E:\biyesheji\ConsoleApplication1\ConsoleApplication1\Debug\link-rc.read.1.tlog
E:\biyesheji\ConsoleApplication1\ConsoleApplication1\Debug\link-rc.write.1.tlog
E:\biyesheji\ConsoleApplication1\ConsoleApplication1\Debug\link.5700-cvtres.read.1.tlog
E:\biyesheji\ConsoleApplication1\ConsoleApplication1\Debug\link.5700-cvtres.write.1.tlog
E:\biyesheji\ConsoleApplication1\ConsoleApplication1\Debug\link.5700-rc.read.1.tlog
E:\biyesheji\ConsoleApplication1\ConsoleApplication1\Debug\link.5700-rc.write.1.tlog
E:\biyesheji\ConsoleApplication1\ConsoleApplication1\Debug\link.5700.read.1.tlog
E:\biyesheji\ConsoleApplication1\ConsoleApplication1\Debug\link.5700.write.1.tlog
E:\biyesheji\ConsoleApplication1\ConsoleApplication1\Debug\link.6064-cvtres.read.1.tlog
E:\biyesheji\ConsoleApplication1\ConsoleApplication1\Debug\link.6064-cvtres.write.1.tlog
E:\biyesheji\ConsoleApplication1\ConsoleApplication1\Debug\link.6064-rc.read.1.tlog
E:\biyesheji\ConsoleApplication1\ConsoleApplication1\Debug\link.6064-rc.write.1.tlog
E:\biyesheji\ConsoleApplication1\ConsoleApplication1\Debug\link.6064.read.1.tlog
E:\biyesheji\ConsoleApplication1\ConsoleApplication1\Debug\link.6064.write.1.tlog
E:\biyesheji\ConsoleApplication1\ConsoleApplication1\Debug\link.6292-cvtres.read.1.tlog
E:\biyesheji\ConsoleApplication1\ConsoleApplication1\Debug\link.6292-cvtres.write.1.tlog
E:\biyesheji\ConsoleApplication1\ConsoleApplication1\Debug\link.6292-rc.read.1.tlog
E:\biyesheji\ConsoleApplication1\ConsoleApplication1\Debug\link.6292-rc.write.1.tlog
E:\biyesheji\ConsoleApplication1\ConsoleApplication1\Debug\link.6292.read.1.tlog
E:\biyesheji\ConsoleApplication1\ConsoleApplication1\Debug\link.6292.write.1.tlog
E:\biyesheji\ConsoleApplication1\ConsoleApplication1\Debug\link.7152-cvtres.read.1.tlog
E:\biyesheji\ConsoleApplication1\ConsoleApplication1\Debug\link.7152-cvtres.write.1.tlog
E:\biyesheji\ConsoleApplication1\ConsoleApplication1\Debug\link.7152-rc.read.1.tlog
E:\biyesheji\ConsoleApplication1\ConsoleApplication1\Debug\link.7152-rc.write.1.tlog
E:\biyesheji\ConsoleApplication1\ConsoleApplication1\Debug\link.7152.read.1.tlog
E:\biyesheji\ConsoleApplication1\ConsoleApplication1\Debug\link.7152.write.1.tlog
E:\biyesheji\ConsoleApplication1\ConsoleApplication1\Debug\link.7988-cvtres.read.1.tlog
E:\biyesheji\ConsoleApplication1\ConsoleApplication1\Debug\link.7988-cvtres.write.1.tlog
E:\biyesheji\ConsoleApplication1\ConsoleApplication1\Debug\link.7988-rc.read.1.tlog
E:\biyesheji\ConsoleApplication1\ConsoleApplication1\Debug\link.7988-rc.write.1.tlog
E:\biyesheji\ConsoleApplication1\ConsoleApplication1\Debug\link.7988.read.1.tlog
E:\biyesheji\ConsoleApplication1\ConsoleApplication1\Debug\link.7988.write.1.tlog
E:\biyesheji\ConsoleApplication1\ConsoleApplication1\Debug\link.804-cvtres.read.1.tlog
E:\biyesheji\ConsoleApplication1\ConsoleApplication1\Debug\link.804-cvtres.write.1.tlog
E:\biyesheji\ConsoleApplication1\ConsoleApplication1\Debug\link.804-rc.read.1.tlog
E:\biyesheji\ConsoleApplication1\ConsoleApplication1\Debug\link.804-rc.write.1.tlog
E:\biyesheji\ConsoleApplication1\ConsoleApplication1\Debug\link.804.read.1.tlog
E:\biyesheji\ConsoleApplication1\ConsoleApplication1\Debug\link.804.write.1.tlog
E:\biyesheji\ConsoleApplication1\ConsoleApplication1\Debug\link.command.1.tlog
E:\biyesheji\ConsoleApplication1\ConsoleApplication1\Debug\link.read.1.tlog
E:\biyesheji\ConsoleApplication1\ConsoleApplication1\Debug\link.write.1.tlog
E:\biyesheji\ConsoleApplication1\ConsoleApplication1\Debug\vc110.idb
E:\biyesheji\ConsoleApplication1\ConsoleApplication1\Debug\vc110.pdb
E:\biyesheji\ConsoleApplication1\Debug\ConsoleApplication1.pdb
E:\biyesheji\ConsoleApplication1\Debug\ConsoleApplication1.exe
E:\biyesheji\ConsoleApplication1\Debug\ConsoleApplication1.ilk
