生成启动时间为 2015/5/8 16:16:33。
     1>项目“E:\biyesheji\ConsoleApplication1\ConsoleApplication1\ConsoleApplication1.vcxproj”在节点 2 上(Build 个目标)。
     1>ClCompile:
         D:\VS2012\VC\bin\CL.exe /c /ZI /nologo /W3 /WX- /Od /Oy- /D WIN32 /D _DEBUG /D _CONSOLE /D _UNICODE /D UNICODE /Gm /EHsc /RTC1 /MDd /GS /fp:precise /Zc:wchar_t /Zc:forScope /Fo"Debug\\" /Fd"Debug\vc110.pdb" /Gd /TP /analyze- /errorReport:prompt ImageUtils_0.7.cpp cartoon.cpp cartoons.cpp main.cpp main_desktop.cpp
         cartoons.cpp
         正在生成代码...
     1>cl : 命令行 warning D9028: 最小重新生成失败，正在转换为标准生成
         正在编译...
         ImageUtils_0.7.cpp
     1>e:\biyesheji\consoleapplication1\consoleapplication1\imageutils_0.7.cpp : fatal error C1033: 无法打开程序数据库“e:\biyesheji\consoleapplication1\consoleapplication1\debug\vc110.idb”
         cartoon.cpp
     1>e:\biyesheji\consoleapplication1\consoleapplication1\cartoon.cpp : fatal error C1033: 无法打开程序数据库“e:\biyesheji\consoleapplication1\consoleapplication1\debug\vc110.idb”
         main.cpp
     1>e:\biyesheji\consoleapplication1\consoleapplication1\main.cpp : fatal error C1033: 无法打开程序数据库“e:\biyesheji\consoleapplication1\consoleapplication1\debug\vc110.pdb”
         main_desktop.cpp
     1>e:\biyesheji\consoleapplication1\consoleapplication1\main_desktop.cpp : fatal error C1033: 无法打开程序数据库“e:\biyesheji\consoleapplication1\consoleapplication1\debug\vc110.pdb”
         正在生成代码...
     1>已完成生成项目“E:\biyesheji\ConsoleApplication1\ConsoleApplication1\ConsoleApplication1.vcxproj”(Build 个目标)的操作 - 失败。

生成失败。

已用时间 00:00:07.61
